<?xml version="1.0" encoding="UTF-8"?>
<!-- Generated by org.testng.reporters.JUnitReportReporter -->
<testsuite hostname="SANTHOSH" failures="0" tests="16" name="AdminTests.LoginTests" time="465.672" errors="0" timestamp="2023-07-27T11:13:53 IST" skipped="0">
  <testcase classname="AdminTests.LoginTests" name="userCanAbleCheckTheAvailableUserName" time="14.668"/>
  <system-out/>
  <testcase classname="AdminTests.LoginTests" name="userCanAbleToLogOut" time="23.373"/>
  <system-out/>
  <testcase classname="AdminTests.LoginTests" name="tryToSeeCartprotectWithoutRegister" time="22.524"/>
  <system-out/>
  <testcase classname="AdminTests.LoginTests" name="userCanSetTheNewVendor" time="38.384"/>
  <system-out/>
  <testcase classname="AdminTests.LoginTests" name="toValiateUserCanLogInWithInValidcreds" time="16.274"/>
  <system-out/>
  <testcase classname="AdminTests.LoginTests" name="userCanAbleToAddNewProduct" time="42.644"/>
  <system-out/>
  <testcase classname="AdminTests.LoginTests" name="verifyWithUserCanRegister" time="16.226"/>
  <system-out/>
  <testcase classname="AdminTests.LoginTests" name="registrationWithOutMandatoryFilds" time="22.550"/>
  <system-out/>
  <testcase classname="AdminTests.LoginTests" name="userCanSeeTheOrdersInDashBoardBage" time="25.400"/>
  <system-out/>
  <testcase classname="AdminTests.LoginTests" name="userCanCreateTheNewCustomerWithExistingEmailId" time="39.315"/>
  <system-out/>
  <testcase classname="AdminTests.LoginTests" name="verifyAdminIsLoginWithValidCred" time="22.974"/>
  <system-out/>
  <testcase classname="AdminTests.LoginTests" name="tryToGiveTheInvalidInputsInCustomerDateofBirth" time="41.617"/>
  <system-out/>
  <testcase classname="AdminTests.LoginTests" name="userCanAbleSearchTheProtects" time="30.781"/>
  <system-out/>
  <testcase classname="AdminTests.LoginTests" name="validateIsAbleToSelectCurrentDateInAddNewCustamorPage" time="35.049"/>
  <system-out/>
  <testcase classname="AdminTests.LoginTests" name="checkTheaddprodectToCartWithoutRegistration" time="33.899"/>
  <system-out/>
  <testcase classname="AdminTests.LoginTests" name="userCanLinkWithPaypalAccountWithoutRegistration" time="39.994"/>
  <system-out/>
</testsuite> <!-- AdminTests.LoginTests -->
