<?xml version="1.0" encoding="UTF-8"?>
<!-- Generated by org.testng.reporters.JUnitReportReporter -->
<testsuite hostname="SANTHOSH" failures="0" tests="1" name="AdminTests.registrationTest" time="22.082" errors="0" timestamp="2023-07-27T10:54:40 IST" skipped="0">
  <testcase classname="AdminTests.registrationTest" name="f" time="22.082"/>
  <system-out/>
</testsuite> <!-- AdminTests.registrationTest -->
